<?xml version="1.0" encoding="UTF-8"?>
<!-- Generated by org.testng.reporters.JUnitReportReporter -->
<testsuite hostname="LAPTOP-QEKB9P62" failures="0" tests="1" name="testscript.SubCategorySearchItemTest" time="4.806" errors="0" timestamp="2024-10-14T13:46:40 GST" skipped="0">
  <testcase classname="testscript.SubCategorySearchItemTest" name="verifyWhetherAValidSubCategoryIsPresentInTheList" time="4.806"/>
  <system-out/>
</testsuite> <!-- testscript.SubCategorySearchItemTest -->
