<?xml version="1.0" encoding="UTF-8"?>
<!-- Generated by org.testng.reporters.JUnitReportReporter -->
<testsuite hostname="DESKTOP-VQCUV54" failures="0" tests="1" name="testscript.HomeTest" time="4.296" errors="0" timestamp="2024-10-16T20:20:44 IST" skipped="0">
  <testcase classname="testscript.HomeTest" name="verifyIsUserAbleToLogOut" time="4.296"/>
  <system-out/>
</testsuite> <!-- testscript.HomeTest -->
