<?xml version="1.0" encoding="UTF-8"?>
<!-- Generated by org.testng.reporters.JUnitReportReporter -->
<testsuite hostname="LAPTOP-QEKB9P62" failures="0" tests="1" name="testscript.ManageUseAddTest" time="4.394" errors="0" timestamp="2024-10-15T16:03:53 GST" skipped="0">
  <testcase classname="testscript.ManageUseAddTest" name="verifyAddingNews" time="4.394"/>
  <system-out/>
</testsuite> <!-- testscript.ManageUseAddTest -->
