<?xml version="1.0" encoding="UTF-8"?>
<!-- Generated by org.testng.reporters.JUnitReportReporter -->
<testsuite hostname="LAPTOP-QEKB9P62" failures="0" tests="1" name="testscript.ManageUserResetTest" time="4.658" errors="0" timestamp="2024-10-15T16:04:24 GST" skipped="0">
  <testcase classname="testscript.ManageUserResetTest" name="verifyResetingTheTitle" time="4.658"/>
  <system-out/>
</testsuite> <!-- testscript.ManageUserResetTest -->
