<?xml version="1.0" encoding="UTF-8"?>
<!-- Generated by org.testng.reporters.JUnitReportReporter -->
<testsuite hostname="LAPTOP-QEKB9P62" failures="0" tests="1" name="testscript.ManageUsersSearchTest" time="4.150" errors="0" timestamp="2024-10-15T16:06:47 GST" skipped="0">
  <testcase classname="testscript.ManageUsersSearchTest" name="verifySearchingAValidNews" time="4.150"/>
  <system-out/>
</testsuite> <!-- testscript.ManageUsersSearchTest -->
